app/build/intermediates/manifest_merge_blame_file/release/manifest-merger-blame-release-report.txt
1<?xml version="1.0" encoding="utf-8"?>
2<manifest xmlns:android="http://schemas.android.com/apk/res/android"
3    package="com.phonegap.AipifBloodDonorApp"
4    android:versionCode="1"
5    android:versionName="1.0" >
6
7    <uses-sdk
8        android:minSdkVersion="21"
8-->src\main\AndroidManifest.xml
9        android:targetSdkVersion="29" />
9-->src\main\AndroidManifest.xml
10
11    <!-- Permissions -->
12
13    <uses-permission android:name="android.permission.INTERNET" />
13-->src\main\AndroidManifest.xml:47:5-67
13-->src\main\AndroidManifest.xml:47:22-64
14    <!-- Network API -->
15    <uses-permission android:name="android.permission.ACCESS_NETWORK_STATE" />
15-->src\main\AndroidManifest.xml:49:5-79
15-->src\main\AndroidManifest.xml:49:22-76
16
17    <uses-feature
17-->[:capacitor-android] AndroidManifest.xml:11:5-13:36
18        android:name="android.hardware.camera"
18-->[:capacitor-android] AndroidManifest.xml:12:9-47
19        android:required="false" />
19-->[:capacitor-android] AndroidManifest.xml:13:9-33
20
21    <uses-permission android:name="android.permission.WAKE_LOCK" /> <!-- Required by older versions of Google Play services to create IID tokens -->
21-->[com.google.firebase:firebase-iid:20.1.1] AndroidManifest.xml:24:5-68
21-->[com.google.firebase:firebase-iid:20.1.1] AndroidManifest.xml:24:22-65
22    <uses-permission android:name="com.google.android.c2dm.permission.RECEIVE" />
22-->[com.google.firebase:firebase-iid:20.1.1] AndroidManifest.xml:26:5-82
22-->[com.google.firebase:firebase-iid:20.1.1] AndroidManifest.xml:26:22-79
23
24    <application
24-->src\main\AndroidManifest.xml:5:5-43:19
25        android:allowBackup="true"
25-->src\main\AndroidManifest.xml:6:9-35
26        android:appComponentFactory="androidx.core.app.CoreComponentFactory"
26-->[androidx.core:core:1.2.0] AndroidManifest.xml:24:18-86
27        android:icon="@mipmap/ic_launcher"
27-->src\main\AndroidManifest.xml:7:9-43
28        android:label="@string/app_name"
28-->src\main\AndroidManifest.xml:8:9-41
29        android:roundIcon="@mipmap/ic_launcher_round"
29-->src\main\AndroidManifest.xml:9:9-54
30        android:supportsRtl="true"
30-->src\main\AndroidManifest.xml:10:9-35
31        android:theme="@style/AppTheme" >
31-->src\main\AndroidManifest.xml:11:9-40
32        <activity
32-->src\main\AndroidManifest.xml:13:9-32:20
33            android:name="com.phonegap.AipifBloodDonorApp.MainActivity"
33-->src\main\AndroidManifest.xml:15:13-72
34            android:configChanges="orientation|keyboardHidden|keyboard|screenSize|locale|smallestScreenSize|screenLayout|uiMode"
34-->src\main\AndroidManifest.xml:14:13-129
35            android:label="@string/title_activity_main"
35-->src\main\AndroidManifest.xml:16:13-56
36            android:launchMode="singleTask"
36-->src\main\AndroidManifest.xml:18:13-44
37            android:theme="@style/AppTheme.NoActionBarLaunch" >
37-->src\main\AndroidManifest.xml:17:13-62
38            <intent-filter>
38-->src\main\AndroidManifest.xml:20:13-23:29
39                <action android:name="android.intent.action.MAIN" />
39-->src\main\AndroidManifest.xml:21:17-69
39-->src\main\AndroidManifest.xml:21:25-66
40
41                <category android:name="android.intent.category.LAUNCHER" />
41-->src\main\AndroidManifest.xml:22:17-77
41-->src\main\AndroidManifest.xml:22:27-74
42            </intent-filter>
43            <intent-filter>
43-->src\main\AndroidManifest.xml:25:13-30:29
44                <action android:name="android.intent.action.VIEW" />
44-->src\main\AndroidManifest.xml:26:17-69
44-->src\main\AndroidManifest.xml:26:25-66
45
46                <category android:name="android.intent.category.DEFAULT" />
46-->src\main\AndroidManifest.xml:27:17-76
46-->src\main\AndroidManifest.xml:27:27-73
47                <category android:name="android.intent.category.BROWSABLE" />
47-->src\main\AndroidManifest.xml:28:17-78
47-->src\main\AndroidManifest.xml:28:27-75
48
49                <data android:scheme="@string/custom_url_scheme" />
49-->src\main\AndroidManifest.xml:29:17-68
49-->src\main\AndroidManifest.xml:29:23-65
50            </intent-filter>
51        </activity>
52
53        <provider
54            android:name="androidx.core.content.FileProvider"
54-->src\main\AndroidManifest.xml:35:13-62
55            android:authorities="com.phonegap.AipifBloodDonorApp.fileprovider"
55-->src\main\AndroidManifest.xml:36:13-64
56            android:exported="false"
56-->src\main\AndroidManifest.xml:37:13-37
57            android:grantUriPermissions="true" >
57-->src\main\AndroidManifest.xml:38:13-47
58            <meta-data
58-->src\main\AndroidManifest.xml:39:13-41:64
59                android:name="android.support.FILE_PROVIDER_PATHS"
59-->src\main\AndroidManifest.xml:40:17-67
60                android:resource="@xml/file_paths" />
60-->src\main\AndroidManifest.xml:41:17-51
61        </provider>
62
63        <service
63-->[:capacitor-android] AndroidManifest.xml:16:9-18:40
64            android:name="com.getcapacitor.plugin.background.BackgroundTaskService"
64-->[:capacitor-android] AndroidManifest.xml:17:13-84
65            android:exported="false" />
65-->[:capacitor-android] AndroidManifest.xml:18:13-37
66
67        <receiver android:name="com.getcapacitor.plugin.notification.TimedNotificationPublisher" />
67-->[:capacitor-android] AndroidManifest.xml:20:9-100
67-->[:capacitor-android] AndroidManifest.xml:20:19-97
68        <receiver android:name="com.getcapacitor.plugin.notification.NotificationDismissReceiver" />
68-->[:capacitor-android] AndroidManifest.xml:21:9-101
68-->[:capacitor-android] AndroidManifest.xml:21:19-98
69
70        <meta-data
70-->[:capacitor-android] AndroidManifest.xml:23:9-25:37
71            android:name="firebase_messaging_auto_init_enabled"
71-->[:capacitor-android] AndroidManifest.xml:24:13-64
72            android:value="false" />
72-->[:capacitor-android] AndroidManifest.xml:25:13-34
73
74        <service
74-->[:capacitor-android] AndroidManifest.xml:27:9-33:19
75            android:name="com.getcapacitor.CapacitorFirebaseMessagingService"
75-->[:capacitor-android] AndroidManifest.xml:28:13-78
76            android:stopWithTask="false" >
76-->[:capacitor-android] AndroidManifest.xml:29:13-41
77            <intent-filter>
77-->[:capacitor-android] AndroidManifest.xml:30:13-32:29
78                <action android:name="com.google.firebase.MESSAGING_EVENT" />
78-->[:capacitor-android] AndroidManifest.xml:31:17-78
78-->[:capacitor-android] AndroidManifest.xml:31:25-75
79            </intent-filter>
80        </service>
81        <!--
82             FirebaseMessagingService performs security checks at runtime,
83             but set to not exported to explicitly avoid allowing another app to call it.
84        -->
85        <service
85-->[com.google.firebase:firebase-messaging:20.1.2] AndroidManifest.xml:28:9-34:19
86            android:name="com.google.firebase.messaging.FirebaseMessagingService"
86-->[com.google.firebase:firebase-messaging:20.1.2] AndroidManifest.xml:29:13-82
87            android:exported="false" >
87-->[com.google.firebase:firebase-messaging:20.1.2] AndroidManifest.xml:30:13-37
88            <intent-filter android:priority="-500" >
88-->[:capacitor-android] AndroidManifest.xml:30:13-32:29
89                <action android:name="com.google.firebase.MESSAGING_EVENT" />
89-->[:capacitor-android] AndroidManifest.xml:31:17-78
89-->[:capacitor-android] AndroidManifest.xml:31:25-75
90            </intent-filter>
91        </service>
92        <service
92-->[com.google.firebase:firebase-messaging:20.1.2] AndroidManifest.xml:35:9-41:19
93            android:name="com.google.firebase.components.ComponentDiscoveryService"
93-->[com.google.firebase:firebase-messaging:20.1.2] AndroidManifest.xml:36:13-84
94            android:directBootAware="true"
94-->[com.google.firebase:firebase-common:19.3.0] AndroidManifest.xml:34:13-43
95            android:exported="false" >
95-->[com.google.firebase:firebase-messaging:20.1.2] AndroidManifest.xml:37:13-37
96            <meta-data
96-->[com.google.firebase:firebase-messaging:20.1.2] AndroidManifest.xml:38:13-40:85
97                android:name="com.google.firebase.components:com.google.firebase.messaging.FirebaseMessagingRegistrar"
97-->[com.google.firebase:firebase-messaging:20.1.2] AndroidManifest.xml:39:17-119
98                android:value="com.google.firebase.components.ComponentRegistrar" />
98-->[com.google.firebase:firebase-messaging:20.1.2] AndroidManifest.xml:40:17-82
99            <meta-data
99-->[com.google.firebase:firebase-datatransport:17.0.3] AndroidManifest.xml:28:13-30:85
100                android:name="com.google.firebase.components:com.google.firebase.datatransport.TransportRegistrar"
100-->[com.google.firebase:firebase-datatransport:17.0.3] AndroidManifest.xml:29:17-115
101                android:value="com.google.firebase.components.ComponentRegistrar" />
101-->[com.google.firebase:firebase-datatransport:17.0.3] AndroidManifest.xml:30:17-82
102            <meta-data
102-->[com.google.firebase:firebase-iid:20.1.1] AndroidManifest.xml:32:13-34:85
103                android:name="com.google.firebase.components:com.google.firebase.iid.Registrar"
103-->[com.google.firebase:firebase-iid:20.1.1] AndroidManifest.xml:33:17-96
104                android:value="com.google.firebase.components.ComponentRegistrar" />
104-->[com.google.firebase:firebase-iid:20.1.1] AndroidManifest.xml:34:17-82
105            <meta-data
105-->[com.google.firebase:firebase-installations:16.0.0] AndroidManifest.xml:17:13-19:85
106                android:name="com.google.firebase.components:com.google.firebase.installations.FirebaseInstallationsRegistrar"
106-->[com.google.firebase:firebase-installations:16.0.0] AndroidManifest.xml:18:17-127
107                android:value="com.google.firebase.components.ComponentRegistrar" />
107-->[com.google.firebase:firebase-installations:16.0.0] AndroidManifest.xml:19:17-82
108        </service>
109
110        <receiver
110-->[com.google.firebase:firebase-iid:20.1.1] AndroidManifest.xml:37:9-44:20
111            android:name="com.google.firebase.iid.FirebaseInstanceIdReceiver"
111-->[com.google.firebase:firebase-iid:20.1.1] AndroidManifest.xml:38:13-78
112            android:exported="true"
112-->[com.google.firebase:firebase-iid:20.1.1] AndroidManifest.xml:39:13-36
113            android:permission="com.google.android.c2dm.permission.SEND" >
113-->[com.google.firebase:firebase-iid:20.1.1] AndroidManifest.xml:40:13-73
114            <intent-filter>
114-->[com.google.firebase:firebase-iid:20.1.1] AndroidManifest.xml:41:13-43:29
115                <action android:name="com.google.android.c2dm.intent.RECEIVE" />
115-->[com.google.firebase:firebase-iid:20.1.1] AndroidManifest.xml:42:17-81
115-->[com.google.firebase:firebase-iid:20.1.1] AndroidManifest.xml:42:25-78
116            </intent-filter>
117        </receiver>
118
119        <provider
119-->[com.google.firebase:firebase-common:19.3.0] AndroidManifest.xml:26:9-30:39
120            android:name="com.google.firebase.provider.FirebaseInitProvider"
120-->[com.google.firebase:firebase-common:19.3.0] AndroidManifest.xml:27:13-77
121            android:authorities="com.phonegap.AipifBloodDonorApp.firebaseinitprovider"
121-->[com.google.firebase:firebase-common:19.3.0] AndroidManifest.xml:28:13-72
122            android:exported="false"
122-->[com.google.firebase:firebase-common:19.3.0] AndroidManifest.xml:29:13-37
123            android:initOrder="100" />
123-->[com.google.firebase:firebase-common:19.3.0] AndroidManifest.xml:30:13-36
124
125        <activity
125-->[com.google.android.gms:play-services-base:17.0.0] AndroidManifest.xml:23:9-26:75
126            android:name="com.google.android.gms.common.api.GoogleApiActivity"
126-->[com.google.android.gms:play-services-base:17.0.0] AndroidManifest.xml:24:13-79
127            android:exported="false"
127-->[com.google.android.gms:play-services-base:17.0.0] AndroidManifest.xml:25:13-37
128            android:theme="@android:style/Theme.Translucent.NoTitleBar" />
128-->[com.google.android.gms:play-services-base:17.0.0] AndroidManifest.xml:26:13-72
129
130        <meta-data
130-->[com.google.android.gms:play-services-basement:17.0.0] AndroidManifest.xml:23:9-25:69
131            android:name="com.google.android.gms.version"
131-->[com.google.android.gms:play-services-basement:17.0.0] AndroidManifest.xml:24:13-58
132            android:value="@integer/google_play_services_version" />
132-->[com.google.android.gms:play-services-basement:17.0.0] AndroidManifest.xml:25:13-66
133
134        <service
134-->[com.google.android.datatransport:transport-backend-cct:2.2.0] AndroidManifest.xml:29:9-35:19
135            android:name="com.google.android.datatransport.runtime.backends.TransportBackendDiscovery"
135-->[com.google.android.datatransport:transport-backend-cct:2.2.0] AndroidManifest.xml:30:13-103
136            android:exported="false" >
136-->[com.google.android.datatransport:transport-backend-cct:2.2.0] AndroidManifest.xml:31:13-37
137            <meta-data
137-->[com.google.android.datatransport:transport-backend-cct:2.2.0] AndroidManifest.xml:32:13-34:39
138                android:name="backend:com.google.android.datatransport.cct.CctBackendFactory"
138-->[com.google.android.datatransport:transport-backend-cct:2.2.0] AndroidManifest.xml:33:17-94
139                android:value="cct" />
139-->[com.google.android.datatransport:transport-backend-cct:2.2.0] AndroidManifest.xml:34:17-36
140        </service>
141        <service
141-->[com.google.android.datatransport:transport-runtime:2.2.0] AndroidManifest.xml:26:9-30:19
142            android:name="com.google.android.datatransport.runtime.scheduling.jobscheduling.JobInfoSchedulerService"
142-->[com.google.android.datatransport:transport-runtime:2.2.0] AndroidManifest.xml:27:13-117
143            android:exported="false"
143-->[com.google.android.datatransport:transport-runtime:2.2.0] AndroidManifest.xml:28:13-37
144            android:permission="android.permission.BIND_JOB_SERVICE" >
144-->[com.google.android.datatransport:transport-runtime:2.2.0] AndroidManifest.xml:29:13-69
145        </service>
146
147        <receiver
147-->[com.google.android.datatransport:transport-runtime:2.2.0] AndroidManifest.xml:32:9-34:40
148            android:name="com.google.android.datatransport.runtime.scheduling.jobscheduling.AlarmManagerSchedulerBroadcastReceiver"
148-->[com.google.android.datatransport:transport-runtime:2.2.0] AndroidManifest.xml:33:13-132
149            android:exported="false" />
149-->[com.google.android.datatransport:transport-runtime:2.2.0] AndroidManifest.xml:34:13-37
150    </application>
151
152</manifest>